<?xml version="1.0" encoding="UTF-8"?>
<testng-results skipped="0" failed="0" total="1" passed="1">
  <reporter-output>
  </reporter-output>
  <suite name="Default suite" duration-ms="7069" started-at="2021-09-29T06:42:08Z" finished-at="2021-09-29T06:42:15Z">
    <groups>
    </groups>
    <test name="Default test" duration-ms="7069" started-at="2021-09-29T06:42:08Z" finished-at="2021-09-29T06:42:15Z">
      <class name="com.pruthvi.BlazeDemo.BlazeTest">
        <test-method status="PASS" signature="TS001()[pri:0, instance:com.pruthvi.BlazeDemo.BlazeTest@51565ec2]" name="TS001" duration-ms="7046" started-at="2021-09-29T12:12:08Z" finished-at="2021-09-29T12:12:15Z">
          <reporter-output>
          </reporter-output>
        </test-method> <!-- TS001 -->
      </class> <!-- com.pruthvi.BlazeDemo.BlazeTest -->
    </test> <!-- Default test -->
  </suite> <!-- Default suite -->
</testng-results>
